Determining if the pthread_create exist failed with the following output:
Change Dir: /usr/local/driveworks-0.6/newsamples/build-host/CMakeFiles/CMakeTmp

Run Build Command:"/usr/bin/make" "cmTC_369f3/fast"
/usr/bin/make -f CMakeFiles/cmTC_369f3.dir/build.make CMakeFiles/cmTC_369f3.dir/build
make[1]: Entering directory '/usr/local/driveworks-0.6/newsamples/build-host/CMakeFiles/CMakeTmp'
Building C object CMakeFiles/cmTC_369f3.dir/CheckSymbolExists.c.o
/usr/bin/cc     -o CMakeFiles/cmTC_369f3.dir/CheckSymbolExists.c.o   -c /usr/local/driveworks-0.6/newsamples/build-host/CMakeFiles/CMakeTmp/CheckSymbolExists.c
Linking C executable cmTC_369f3
/usr/bin/cmake -E cmake_link_script CMakeFiles/cmTC_369f3.dir/link.txt --verbose=1
/usr/bin/cc       CMakeFiles/cmTC_369f3.dir/CheckSymbolExists.c.o  -o cmTC_369f3 -rdynamic 
CMakeFiles/cmTC_369f3.dir/CheckSymbolExists.c.o: In function `main':
CheckSymbolExists.c:(.text+0x16): undefined reference to `pthread_create'
collect2: error: ld returned 1 exit status
CMakeFiles/cmTC_369f3.dir/build.make:97: recipe for target 'cmTC_369f3' failed
make[1]: *** [cmTC_369f3] Error 1
make[1]: Leaving directory '/usr/local/driveworks-0.6/newsamples/build-host/CMakeFiles/CMakeTmp'
Makefile:126: recipe for target 'cmTC_369f3/fast' failed
make: *** [cmTC_369f3/fast] Error 2

File /usr/local/driveworks-0.6/newsamples/build-host/CMakeFiles/CMakeTmp/CheckSymbolExists.c:
/* */
#include <pthread.h>

int main(int argc, char** argv)
{
  (void)argv;
#ifndef pthread_create
  return ((int*)(&pthread_create))[argc];
#else
  (void)argc;
  return 0;
#endif
}

Determining if the function pthread_create exists in the pthreads failed with the following output:
Change Dir: /usr/local/driveworks-0.6/newsamples/build-host/CMakeFiles/CMakeTmp

Run Build Command:"/usr/bin/make" "cmTC_274b4/fast"
/usr/bin/make -f CMakeFiles/cmTC_274b4.dir/build.make CMakeFiles/cmTC_274b4.dir/build
make[1]: Entering directory '/usr/local/driveworks-0.6/newsamples/build-host/CMakeFiles/CMakeTmp'
Building C object CMakeFiles/cmTC_274b4.dir/CheckFunctionExists.c.o
/usr/bin/cc    -DCHECK_FUNCTION_EXISTS=pthread_create   -o CMakeFiles/cmTC_274b4.dir/CheckFunctionExists.c.o   -c /usr/share/cmake-3.5/Modules/CheckFunctionExists.c
Linking C executable cmTC_274b4
/usr/bin/cmake -E cmake_link_script CMakeFiles/cmTC_274b4.dir/link.txt --verbose=1
/usr/bin/cc   -DCHECK_FUNCTION_EXISTS=pthread_create    CMakeFiles/cmTC_274b4.dir/CheckFunctionExists.c.o  -o cmTC_274b4 -rdynamic -lpthreads 
/usr/bin/ld: cannot find -lpthreads
collect2: error: ld returned 1 exit status
CMakeFiles/cmTC_274b4.dir/build.make:97: recipe for target 'cmTC_274b4' failed
make[1]: *** [cmTC_274b4] Error 1
make[1]: Leaving directory '/usr/local/driveworks-0.6/newsamples/build-host/CMakeFiles/CMakeTmp'
Makefile:126: recipe for target 'cmTC_274b4/fast' failed
make: *** [cmTC_274b4/fast] Error 2


